<?xml version="1.0" encoding="UTF-8"?>
<!-- Generated by org.testng.reporters.JUnitReportReporter -->
<testsuite hostname="shah4corp" failures="0" tests="1" name="day4.ParsingJSONResponseData" time="3.504" errors="0" timestamp="2025-08-24T06:47:24 IST" skipped="0">
  <testcase classname="day4.ParsingJSONResponseData" name="testJsonResponse" time="3.504"/>
</testsuite> <!-- day4.ParsingJSONResponseData -->
