<?xml version="1.0" encoding="UTF-8"?>
<!-- Generated by org.testng.reporters.JUnitReportReporter -->
<testsuite hostname="shah4corp" failures="0" tests="4" name="day1.HTTPRequests" time="4.689" errors="0" timestamp="2025-08-03T23:37:36 IST" skipped="0">
  <testcase classname="day1.HTTPRequests" name="getUsers" time="2.838"/>
  <testcase classname="day1.HTTPRequests" name="createUser" time="0.862"/>
  <testcase classname="day1.HTTPRequests" name="updateUser" time="0.520"/>
  <testcase classname="day1.HTTPRequests" name="deleteUser" time="0.469"/>
</testsuite> <!-- day1.HTTPRequests -->
