<?xml version="1.0" encoding="UTF-8"?>
<!-- Generated by org.testng.reporters.JUnitReportReporter -->
<testsuite hostname="shah4corp" failures="0" tests="1" name="day3.HeadersDemo" time="2.371" errors="0" timestamp="2025-08-16T16:28:16 IST" skipped="0">
  <testcase classname="day3.HeadersDemo" name="getHeaders" time="2.371"/>
</testsuite> <!-- day3.HeadersDemo -->
