<?xml version="1.0" encoding="UTF-8"?>
<!-- Generated by org.testng.reporters.JUnitReportReporter -->
<testsuite hostname="shah4corp" failures="0" tests="1" name="day3.LoggingDemo" time="2.845" errors="0" timestamp="2025-08-16T16:40:14 IST" skipped="0">
  <testcase classname="day3.LoggingDemo" name="testHeaders" time="2.845"/>
</testsuite> <!-- day3.LoggingDemo -->
