<?xml version="1.0" encoding="UTF-8"?>
<!-- Generated by org.testng.reporters.JUnitReportReporter -->
<testsuite hostname="shah4corp" failures="0" tests="1" name="day3.CookiesDemo" time="2.218" errors="0" timestamp="2025-08-16T15:21:00 IST" skipped="0">
  <testcase classname="day3.CookiesDemo" name="getCookiesInfo" time="2.218"/>
</testsuite> <!-- day3.CookiesDemo -->
