<?xml version="1.0" encoding="UTF-8"?>
<!-- Generated by org.testng.reporters.JUnitReportReporter -->
<testsuite hostname="shah4corp" failures="0" tests="1" name="day3.PathAndQueryParameters" time="2.082" errors="0" timestamp="2025-08-16T12:59:30 IST" skipped="0">
  <testcase classname="day3.PathAndQueryParameters" name="testPathAndQueryParameters" time="2.082"/>
</testsuite> <!-- day3.PathAndQueryParameters -->
