<?xml version="1.0" encoding="UTF-8"?>
<!-- Generated by org.testng.reporters.JUnitReportReporter -->
<testsuite hostname="shah4corp" failures="0" tests="1" name="day3.HeadersDemo" time="2.883" errors="0" timestamp="2025-08-16T16:16:57 IST" skipped="0">
  <testcase classname="day3.HeadersDemo" name="testHeaders" time="2.883"/>
</testsuite> <!-- day3.HeadersDemo -->
