<?xml version="1.0" encoding="UTF-8"?>
<!-- Generated by org.testng.reporters.JUnitReportReporter -->
<testsuite hostname="shah4corp" failures="0" tests="4" name="day1.HTTPRequests" time="6.146" errors="0" timestamp="2025-08-03T23:02:56 IST" skipped="0">
  <testcase classname="day1.HTTPRequests" name="getUsers" time="4.530"/>
  <testcase classname="day1.HTTPRequests" name="createUser" time="0.856"/>
  <testcase classname="day1.HTTPRequests" name="updateUser" time="0.466"/>
  <testcase classname="day1.HTTPRequests" name="deleteUser" time="0.294"/>
</testsuite> <!-- day1.HTTPRequests -->
