<?xml version="1.0" encoding="UTF-8"?>
<!-- Generated by org.testng.reporters.JUnitReportReporter -->
<testsuite hostname="shah4corp" failures="0" tests="2" name="day2.DifferentWaysToCreatePostRequestBody" time="4.912" errors="0" timestamp="2025-08-10T21:37:03 IST" skipped="0">
  <testcase classname="day2.DifferentWaysToCreatePostRequestBody" name="testPostUsingExternalJsonFile" time="4.782"/>
  <testcase classname="day2.DifferentWaysToCreatePostRequestBody" name="testDelete" time="0.130"/>
</testsuite> <!-- day2.DifferentWaysToCreatePostRequestBody -->
