<?xml version="1.0" encoding="UTF-8"?>
<!-- Generated by org.testng.reporters.JUnitReportReporter -->
<testsuite hostname="shah4corp" failures="0" tests="2" name="day2.DifferentWaysToCreatePostRequestBody" time="4.395" errors="0" timestamp="2025-08-10T21:19:02 IST" skipped="0">
  <testcase classname="day2.DifferentWaysToCreatePostRequestBody" name="testPostUsingPOJOClass" time="4.282"/>
  <testcase classname="day2.DifferentWaysToCreatePostRequestBody" name="testDelete" time="0.113"/>
</testsuite> <!-- day2.DifferentWaysToCreatePostRequestBody -->
